<?xml version="1.0" encoding="UTF-8"?>
<testsuite name="test.java.OrderTest" tests="1" skipped="0" failures="0" errors="0" timestamp="2025-03-03T13:12:01" hostname="MAGICBOOKGM" time="0.002">
  <properties/>
  <testcase name="testComputeTotalPrice()" classname="test.java.OrderTest" time="0.002"/>
  <system-out><![CDATA[]]></system-out>
  <system-err><![CDATA[]]></system-err>
</testsuite>
