<?xml version="1.0" encoding="UTF-8"?>
<testsuite name="test.java.OrderItemTest" tests="1" skipped="0" failures="0" errors="0" timestamp="2025-03-03T13:12:01" hostname="MAGICBOOKGM" time="0.032">
  <properties/>
  <testcase name="testComputePrice()" classname="test.java.OrderItemTest" time="0.032"/>
  <system-out><![CDATA[]]></system-out>
  <system-err><![CDATA[]]></system-err>
</testsuite>
